<?xml version="1.0" encoding="UTF-8"?>
<!-- Generated by org.testng.reporters.JUnitXMLReporter -->
<testsuite ignored="0" hostname="Sukhvinder" failures="0" tests="11" name="Test" time="49.423" errors="0" timestamp="2025-07-11T00:42:18 IST">
  <testcase classname="testcases.RestAssured_TestCases" name="loginWithSeleniumAndGetCookie" time="17.712"/>
  <testcase classname="testcases.RestAssured_TestCases" name="getLocalizationValid" time="2.643"/>
  <testcase classname="testcases.RestAssured_TestCases" name="getActiveLanguages" time="2.269"/>
  <testcase classname="testcases.RestAssured_TestCases" name="getDashboardShortcuts" time="1.476"/>
  <testcase classname="testcases.RestAssured_TestCases" name="getAuthProviders" time="2.626"/>
  <testcase classname="testcases.RestAssured_TestCases" name="getAdminOAuthList" time="1.366"/>
  <testcase classname="testcases.RestAssured_TestCases" name="getEmployeeList" time="1.027"/>
  <testcase classname="testcases.RestAssured_TestCases" name="putLanguagePackage" time="1.985"/>
  <testcase classname="testcases.RestAssured_TestCases" name="deleteLangById" time="4.342"/>
  <testcase classname="testcases.RestAssured_TestCases" name="putModulesSettings" time="2.403"/>
  <testcase classname="testcases.RestAssured_TestCases" name="postOpenIdProvide" time="1.312"/>
</testsuite> <!-- Test -->
